c:\users\миша\desktop\study\quarter2.2\3drendering\assignment4\_vs2015\release_static_build\vc140.pdb
c:\users\миша\desktop\study\quarter2.2\3drendering\assignment4\_vs2015\release_static_build\texturematerial.obj
c:\users\миша\desktop\study\quarter2.2\3drendering\assignment4\_vs2015\release_static_build\terrainmaterial.obj
c:\users\миша\desktop\study\quarter2.2\3drendering\assignment4\_vs2015\release_static_build\litmaterial.obj
c:\users\миша\desktop\study\quarter2.2\3drendering\assignment4\_vs2015\release_static_build\colormaterial.obj
c:\users\миша\desktop\study\quarter2.2\3drendering\assignment4\_vs2015\release_static_build\abstractmaterial.obj
c:\users\миша\desktop\study\quarter2.2\3drendering\assignment4\_vs2015\release_static_build\world.obj
c:\users\миша\desktop\study\quarter2.2\3drendering\assignment4\_vs2015\release_static_build\texture.obj
c:\users\миша\desktop\study\quarter2.2\3drendering\assignment4\_vs2015\release_static_build\shaderprogram.obj
c:\users\миша\desktop\study\quarter2.2\3drendering\assignment4\_vs2015\release_static_build\renderer.obj
c:\users\миша\desktop\study\quarter2.2\3drendering\assignment4\_vs2015\release_static_build\mesh.obj
c:\users\миша\desktop\study\quarter2.2\3drendering\assignment4\_vs2015\release_static_build\light.obj
c:\users\миша\desktop\study\quarter2.2\3drendering\assignment4\_vs2015\release_static_build\gameobject.obj
c:\users\миша\desktop\study\quarter2.2\3drendering\assignment4\_vs2015\release_static_build\camera.obj
c:\users\миша\desktop\study\quarter2.2\3drendering\assignment4\_vs2015\release_static_build\abstractgame.obj
c:\users\миша\desktop\study\quarter2.2\3drendering\assignment4\_vs2015\release_static_build\rotatingbehaviour.obj
c:\users\миша\desktop\study\quarter2.2\3drendering\assignment4\_vs2015\release_static_build\orbitbehaviour.obj
c:\users\миша\desktop\study\quarter2.2\3drendering\assignment4\_vs2015\release_static_build\lookat.obj
c:\users\миша\desktop\study\quarter2.2\3drendering\assignment4\_vs2015\release_static_build\keysbehaviour.obj
c:\users\миша\desktop\study\quarter2.2\3drendering\assignment4\_vs2015\release_static_build\abstractbehaviour.obj
c:\users\миша\desktop\study\quarter2.2\3drendering\assignment4\_vs2015\release_static_build\main.obj
c:\users\миша\desktop\study\quarter2.2\3drendering\assignment4\_vs2015\release_static_build\lightutil.obj
c:\users\миша\desktop\study\quarter2.2\3drendering\assignment4\_vs2015\release_static_build\debughud.obj
c:\users\миша\desktop\study\quarter2.2\3drendering\assignment4\_vs2015\release_static_build\slider.obj
c:\users\миша\desktop\study\quarter2.2\3drendering\assignment4\_vs2015\release_static_build\mgedemo.obj
c:\users\миша\desktop\study\quarter2.2\3drendering\assignment4\_vs2015\release_static_build\wobblematerial.obj
c:\users\миша\desktop\study\quarter2.2\3drendering\assignment4\_vs2015\release_static_exe\mge.exe
c:\users\миша\desktop\study\quarter2.2\3drendering\assignment4\_vs2015\release_static_exe\mge.ipdb
c:\users\миша\desktop\study\quarter2.2\3drendering\assignment4\_vs2015\release_static_exe\mge.iobj
c:\users\миша\desktop\study\quarter2.2\3drendering\assignment4\_vs2015\release_static_exe\mge.pdb
c:\users\миша\desktop\study\quarter2.2\3drendering\assignment4\_vs2015\release_static_exe/mge.exe
c:\users\миша\desktop\study\quarter2.2\3drendering\assignment4\_vs2015\release_static_build\mge.tlog\cl.command.1.tlog
c:\users\миша\desktop\study\quarter2.2\3drendering\assignment4\_vs2015\release_static_build\mge.tlog\cl.read.1.tlog
c:\users\миша\desktop\study\quarter2.2\3drendering\assignment4\_vs2015\release_static_build\mge.tlog\cl.write.1.tlog
c:\users\миша\desktop\study\quarter2.2\3drendering\assignment4\_vs2015\release_static_build\mge.tlog\link.command.1.tlog
c:\users\миша\desktop\study\quarter2.2\3drendering\assignment4\_vs2015\release_static_build\mge.tlog\link.read.1.tlog
c:\users\миша\desktop\study\quarter2.2\3drendering\assignment4\_vs2015\release_static_build\mge.tlog\link.write.1.tlog
